Summary of SPARK analysis
=========================

------------------------------------------------------------------------------------------------------------
SPARK Analysis results        Total      Flow   CodePeer                      Provers   Justified   Unproved
------------------------------------------------------------------------------------------------------------
Data Dependencies                 .         .          .                            .           .          .
Flow Dependencies                 .         .          .                            .           .          .
Initialization                    .         .          .                            .           .          .
Non-Aliasing                      .         .          .                            .           .          .
Run-time Checks                   4         .          .                     4 (CVC4)           .          .
Assertions                        2         .          .                     2 (CVC4)           .          .
Functional Contracts              4         .          .    3 (CVC4 83%, Trivial 17%)           .          1
LSP Verification                  .         .          .                            .           .          .
Termination                       1         .          .                     1 (CVC4)           .          .
Concurrency                       .         .          .                            .           .          .
------------------------------------------------------------------------------------------------------------
Total                            11         .          .                     10 (91%)           .     1 (9%)


max steps used for successful proof: 1

Analyzed 1 unit
in unit pigeonholes, 6 subprograms and packages out of 6 analyzed
  PigeonHoles at pigeonholes.ads:1 flow analyzed (0 errors, 0 checks and 0 warnings) and proved (0 checks)
  PigeonHoles.CountBirds at pigeonholes.ads:12 flow analyzed (0 errors, 0 checks and 0 warnings) and proved (2 checks)
  PigeonHoles.PigeonBeGone at pigeonholes.ads:9 flow analyzed (0 errors, 0 checks and 0 warnings) and proved (6 checks)
  PigeonHoles.SubsituteBird at pigeonholes.ads:16 flow analyzed (0 errors, 0 checks and 0 warnings) and proved (1 checks)
  PigeonHoles.birdExist at pigeonholes.ads:19 flow analyzed (0 errors, 0 checks and 0 warnings) and proved (0 checks)
  PigeonHoles.birdIndex at pigeonholes.ads:22 flow analyzed (0 errors, 0 checks and 0 warnings) and not proved, 1 checks out of 2 proved
