Summary of SPARK analysis
=========================

-------------------------------------------------------------------------------------------
SPARK Analysis results        Total      Flow   CodePeer     Provers   Justified   Unproved
-------------------------------------------------------------------------------------------
Data Dependencies                 .         .          .           .           .          .
Flow Dependencies                 .         .          .           .           .          .
Initialization                    .         .          .           .           .          .
Non-Aliasing                      .         .          .           .           .          .
Run-time Checks                   3         .          .    3 (CVC4)           .          .
Assertions                        2         .          .    2 (CVC4)           .          .
Functional Contracts              2         .          .    2 (CVC4)           .          .
LSP Verification                  .         .          .           .           .          .
Termination                       1         .          .    1 (CVC4)           .          .
Concurrency                       .         .          .           .           .          .
-------------------------------------------------------------------------------------------
Total                             8         .          .    8 (100%)           .          .


max steps used for successful proof: 1

Analyzed 1 unit
in unit pigeonholes, 3 subprograms and packages out of 3 analyzed
  PigeonHoles at pigeonholes.ads:1 flow analyzed (0 errors, 0 checks and 0 warnings) and proved (0 checks)
  PigeonHoles.CountBirds at pigeonholes.ads:12 flow analyzed (0 errors, 0 checks and 0 warnings) and proved (2 checks)
  PigeonHoles.PigeonBeGone at pigeonholes.ads:9 flow analyzed (0 errors, 0 checks and 0 warnings) and proved (6 checks)
