Summary of SPARK analysis
=========================

-------------------------------------------------------------------------------------------
SPARK Analysis results        Total      Flow   CodePeer     Provers   Justified   Unproved
-------------------------------------------------------------------------------------------
Data Dependencies                 .         .          .           .           .          .
Flow Dependencies                 .         .          .           .           .          .
Initialization                    .         .          .           .           .          .
Non-Aliasing                      .         .          .           .           .          .
Run-time Checks                   .         .          .           .           .          .
Assertions                        .         .          .           .           .          .
Functional Contracts              6         .          .    6 (CVC4)           .          .
LSP Verification                  .         .          .           .           .          .
Termination                       .         .          .           .           .          .
Concurrency                       .         .          .           .           .          .
-------------------------------------------------------------------------------------------
Total                             6         .          .    6 (100%)           .          .


max steps used for successful proof: 1

Analyzed 3 units
in unit main, 0 subprograms and packages out of 1 analyzed
  Main at main.adb:1 skipped
in unit sausages, 4 subprograms and packages out of 4 analyzed
  Sausages at sausages.ads:1 flow analyzed (0 errors, 0 checks and 0 warnings) and proved (0 checks)
  Sausages.Contaminate at sausages.ads:11 flow analyzed (0 errors, 0 checks and 0 warnings) and proved (1 checks)
  Sausages.Kaldere at sausages.ads:18 flow analyzed (0 errors, 0 checks and 0 warnings) and proved (1 checks)
  Sausages.Varmere at sausages.ads:15 flow analyzed (0 errors, 0 checks and 0 warnings) and proved (1 checks)
in unit toad, 3 subprograms and packages out of 3 analyzed
  Toad at toad.ads:4 flow analyzed (0 errors, 0 checks and 0 warnings) and proved (0 checks)
  Toad.MakeFitForNursingHome at toad.ads:15 flow analyzed (0 errors, 0 checks and 0 warnings) and proved (1 checks)
  Toad.SellToKababShop at toad.ads:11 flow analyzed (0 errors, 0 checks and 0 warnings) and proved (2 checks)
