Summary of SPARK analysis
=========================

--------------------------------------------------------------------------------------------
SPARK Analysis results        Total       Flow   CodePeer     Provers   Justified   Unproved
--------------------------------------------------------------------------------------------
Data Dependencies                 2          1          .           .           .          1
Flow Dependencies                 .          .          .           .           .          .
Initialization                    .          .          .           .           .          .
Non-Aliasing                      .          .          .           .           .          .
Run-time Checks                   1          .          .    1 (CVC4)           .          .
Assertions                        .          .          .           .           .          .
Functional Contracts              2          .          .    1 (CVC4)           .          1
LSP Verification                  .          .          .           .           .          .
Termination                       .          .          .           .           .          .
Concurrency                       .          .          .           .           .          .
--------------------------------------------------------------------------------------------
Total                             5    1 (20%)          .     2 (40%)           .    2 (40%)


max steps used for successful proof: 1

Analyzed 1 unit
in unit slides, 4 subprograms and packages out of 4 analyzed
  slides at slides.ads:1 flow analyzed (0 errors, 0 checks and 0 warnings) and proved (0 checks)
  slides.Invarient at slides.ads:12 flow analyzed (0 errors, 0 checks and 0 warnings) and proved (0 checks)
  slides.OpenDoor at slides.ads:15 flow analyzed (0 errors, 0 checks and 0 warnings) and proved (1 checks)
  slides.SendChild at slides.ads:20 flow analyzed (0 errors, 1 checks and 1 warnings) and not proved, 1 checks out of 2 proved
