Summary of SPARK analysis
=========================

-------------------------------------------------------------------------------------------
SPARK Analysis results        Total      Flow   CodePeer     Provers   Justified   Unproved
-------------------------------------------------------------------------------------------
Data Dependencies                 .         .          .           .           .          .
Flow Dependencies                 .         .          .           .           .          .
Initialization                    .         .          .           .           .          .
Non-Aliasing                      .         .          .           .           .          .
Run-time Checks                   2         .          .    2 (CVC4)           .          .
Assertions                        .         .          .           .           .          .
Functional Contracts              1         .          .    1 (CVC4)           .          .
LSP Verification                  .         .          .           .           .          .
Termination                       .         .          .           .           .          .
Concurrency                       .         .          .           .           .          .
-------------------------------------------------------------------------------------------
Total                             3         .          .    3 (100%)           .          .


max steps used for successful proof: 1

Analyzed 1 unit
in unit sols, 2 subprograms and packages out of 2 analyzed
  Sols at sols.ads:1 flow analyzed (0 errors, 0 checks and 0 warnings) and proved (0 checks)
  Sols.P2 at sols.ads:4 flow analyzed (0 errors, 0 checks and 0 warnings) and proved (3 checks)
