Summary of SPARK analysis
=========================

-------------------------------------------------------------------------------------------
SPARK Analysis results        Total      Flow   CodePeer     Provers   Justified   Unproved
-------------------------------------------------------------------------------------------
Data Dependencies                 2         .          .           .           .          2
Flow Dependencies                 .         .          .           .           .          .
Initialization                    .         .          .           .           .          .
Non-Aliasing                      .         .          .           .           .          .
Run-time Checks                   2         .          .    2 (CVC4)           .          .
Assertions                        .         .          .           .           .          .
Functional Contracts              2         .          .    2 (CVC4)           .          .
LSP Verification                  .         .          .           .           .          .
Termination                       .         .          .           .           .          .
Concurrency                       .         .          .           .           .          .
-------------------------------------------------------------------------------------------
Total                             6         .          .     4 (67%)           .    2 (33%)


max steps used for successful proof: 1

Analyzed 1 unit
in unit machine, 4 subprograms and packages out of 4 analyzed
  Machine at machine.ads:1 flow analyzed (0 errors, 0 checks and 0 warnings) and proved (0 checks)
  Machine.Inveriant at machine.ads:7 flow analyzed (0 errors, 0 checks and 0 warnings) and proved (0 checks)
  Machine.serveCustomer at machine.ads:15 flow analyzed (0 errors, 1 checks and 0 warnings) and proved (2 checks)
  Machine.takeTicket at machine.ads:10 flow analyzed (0 errors, 1 checks and 0 warnings) and proved (2 checks)
