Summary of SPARK analysis
=========================

-------------------------------------------------------------------------------------------
SPARK Analysis results        Total      Flow   CodePeer     Provers   Justified   Unproved
-------------------------------------------------------------------------------------------
Data Dependencies                 3         .          .           .           .          3
Flow Dependencies                 .         .          .           .           .          .
Initialization                    .         .          .           .           .          .
Non-Aliasing                      .         .          .           .           .          .
Run-time Checks                   3         .          .    3 (CVC4)           .          .
Assertions                        .         .          .           .           .          .
Functional Contracts              3         .          .    3 (CVC4)           .          .
LSP Verification                  .         .          .           .           .          .
Termination                       .         .          .           .           .          .
Concurrency                       .         .          .           .           .          .
-------------------------------------------------------------------------------------------
Total                             9         .          .     6 (67%)           .    3 (33%)


max steps used for successful proof: 1

Analyzed 1 unit
in unit machine, 5 subprograms and packages out of 5 analyzed
  Machine at machine.ads:1 flow analyzed (0 errors, 0 checks and 0 warnings) and proved (0 checks)
  Machine.Inveriant at machine.ads:7 flow analyzed (0 errors, 0 checks and 0 warnings) and proved (0 checks)
  Machine.returnTicket at machine.ads:20 flow analyzed (0 errors, 1 checks and 0 warnings) and proved (2 checks)
  Machine.serveCustomer at machine.ads:15 flow analyzed (0 errors, 1 checks and 0 warnings) and proved (2 checks)
  Machine.takeTicket at machine.ads:10 flow analyzed (0 errors, 1 checks and 0 warnings) and proved (2 checks)
