Summary of SPARK analysis
=========================

-------------------------------------------------------------------------------------------
SPARK Analysis results        Total      Flow   CodePeer     Provers   Justified   Unproved
-------------------------------------------------------------------------------------------
Data Dependencies                 .         .          .           .           .          .
Flow Dependencies                 .         .          .           .           .          .
Initialization                    .         .          .           .           .          .
Non-Aliasing                      .         .          .           .           .          .
Run-time Checks                   2         .          .    2 (CVC4)           .          .
Assertions                        .         .          .           .           .          .
Functional Contracts              2         .          .    2 (CVC4)           .          .
LSP Verification                  .         .          .           .           .          .
Termination                       .         .          .           .           .          .
Concurrency                       .         .          .           .           .          .
-------------------------------------------------------------------------------------------
Total                             4         .          .    4 (100%)           .          .


max steps used for successful proof: 1

Analyzed 1 unit
in unit increm, 3 subprograms and packages out of 3 analyzed
  increm at increm.ads:1 flow analyzed (0 errors, 0 checks and 0 warnings) and proved (0 checks)
  increm.bad_incr at increm.ads:5 flow analyzed (0 errors, 0 checks and 0 warnings) and proved (2 checks)
  increm.bad_proc at increm.ads:11 flow analyzed (0 errors, 0 checks and 0 warnings) and proved (2 checks)
